Build started 6/29/2012 6:54:59 AM.
     1>Project "D:\source\MakerAccessControl\AccessConfigServer\AccessConfigServer.vcxproj" on node 2 (build target(s)).
     1>InitializeBuildStatus:
         Creating "Debug\AccessConfigServer.unsuccessfulbuild" because "AlwaysCreate" was specified.
       ClCompile:
         All outputs are up-to-date.
       ManifestResourceCompile:
         All outputs are up-to-date.
       Link:
         All outputs are up-to-date.
       Manifest:
         All outputs are up-to-date.
       PostBuildEvent:
         copy D:\source\MakerAccessControl\AccessConfigServer\AccessConfigServer.ini D:\source\MakerAccessControl\AccessConfigServer\Debug\
         :VCEnd
                 1 file(s) copied.
       FinalizeBuildStatus:
         Deleting file "Debug\AccessConfigServer.unsuccessfulbuild".
         Touching "Debug\AccessConfigServer.lastbuildstate".
     1>Done Building Project "D:\source\MakerAccessControl\AccessConfigServer\AccessConfigServer.vcxproj" (build target(s)).

Build succeeded.

Time Elapsed 00:00:00.14
